<?xml version="1.0" encoding="UTF-8"?>
<!-- Generated by org.testng.reporters.JUnitReportReporter -->
<testsuite hostname="SivaGanesh" failures="0" tests="1" name="home.Screenshot" time="2.412" errors="1" timestamp="26 Mar 2025 04:08:40 GMT" skipped="0">
  <testcase classname="home.Screenshot" name="main" time="2.412">
    <error message="session not created: This version of ChromeDriver only supports Chrome version 132
Current browser version is 134.0.6998.165 with binary path C:\Program Files\Google\Chrome\Application\chrome.exe
Build info: version: &#039;3.141.59&#039;, revision: &#039;e82be7d358&#039;, time: &#039;2018-11-14T08:17:03&#039;
System info: host: &#039;SIVAGANESH&#039;, ip: &#039;192.168.1.14&#039;, os.name: &#039;Windows 11&#039;, os.arch: &#039;amd64&#039;, os.version: &#039;10.0&#039;, java.version: &#039;23.0.2&#039;
Driver info: driver.version: ChromeDriver
remote stacktrace: 	GetHandleVerifier [0x00007FF7844302F5+28725]
	(No symbol) [0x00007FF784392AE0]
	(No symbol) [0x00007FF78422510A]
	(No symbol) [0x00007FF784266DF2]
	(No symbol) [0x00007FF784265E5B]
	(No symbol) [0x00007FF784260414]
	(No symbol) [0x00007FF78425B4F9]
	(No symbol) [0x00007FF7842AB28C]
	(No symbol) [0x00007FF7842AA870]
	(No symbol) [0x00007FF78429FD53]
	(No symbol) [0x00007FF78426A0E3]
	(No symbol) [0x00007FF78426B471]
	GetHandleVerifier [0x00007FF78475F30D+3366989]
	GetHandleVerifier [0x00007FF7847712F0+3440688]
	GetHandleVerifier [0x00007FF7847678FD+3401277]
	GetHandleVerifier [0x00007FF7844FAAAB+858091]
	(No symbol) [0x00007FF78439E74F]
	(No symbol) [0x00007FF78439A304]
	(No symbol) [0x00007FF78439A49D]
	(No symbol) [0x00007FF784388B69]
	BaseThreadInitThunk [0x00007FFEDDA4E8D7+23]
	RtlUserThreadStart [0x00007FFEDF6DBF6C+44]
" type="org.openqa.selenium.SessionNotCreatedException">
      <![CDATA[org.openqa.selenium.SessionNotCreatedException: session not created: This version of ChromeDriver only supports Chrome version 132
Current browser version is 134.0.6998.165 with binary path C:\Program Files\Google\Chrome\Application\chrome.exe
Build info: version: '3.141.59', revision: 'e82be7d358', time: '2018-11-14T08:17:03'
System info: host: 'SIVAGANESH', ip: '192.168.1.14', os.name: 'Windows 11', os.arch: 'amd64', os.version: '10.0', java.version: '23.0.2'
Driver info: driver.version: ChromeDriver
remote stacktrace: GetHandleVerifier [0x00007FF7844302F5+28725]
(No symbol) [0x00007FF784392AE0]
(No symbol) [0x00007FF78422510A]
(No symbol) [0x00007FF784266DF2]
(No symbol) [0x00007FF784265E5B]
(No symbol) [0x00007FF784260414]
(No symbol) [0x00007FF78425B4F9]
(No symbol) [0x00007FF7842AB28C]
(No symbol) [0x00007FF7842AA870]
(No symbol) [0x00007FF78429FD53]
(No symbol) [0x00007FF78426A0E3]
(No symbol) [0x00007FF78426B471]
GetHandleVerifier [0x00007FF78475F30D+3366989]
GetHandleVerifier [0x00007FF7847712F0+3440688]
GetHandleVerifier [0x00007FF7847678FD+3401277]
GetHandleVerifier [0x00007FF7844FAAAB+858091]
(No symbol) [0x00007FF78439E74F]
(No symbol) [0x00007FF78439A304]
(No symbol) [0x00007FF78439A49D]
(No symbol) [0x00007FF784388B69]
BaseThreadInitThunk [0x00007FFEDDA4E8D7+23]
RtlUserThreadStart [0x00007FFEDF6DBF6C+44]

at java.base/jdk.internal.reflect.DirectConstructorHandleAccessor.newInstance(DirectConstructorHandleAccessor.java:62)
at java.base/java.lang.reflect.Constructor.newInstanceWithCaller(Constructor.java:501)
at java.base/java.lang.reflect.Constructor.newInstance(Constructor.java:485)
at org.openqa.selenium.remote.W3CHandshakeResponse.lambda$errorHandler$0(W3CHandshakeResponse.java:62)
at org.openqa.selenium.remote.HandshakeResponse.lambda$getResponseFunction$0(HandshakeResponse.java:30)
at org.openqa.selenium.remote.ProtocolHandshake.lambda$createSession$0(ProtocolHandshake.java:126)
at java.base/java.util.stream.ReferencePipeline$3$1.accept(ReferencePipeline.java:215)
at java.base/java.util.Spliterators$ArraySpliterator.tryAdvance(Spliterators.java:1034)
at java.base/java.util.stream.ReferencePipeline.forEachWithCancel(ReferencePipeline.java:147)
at java.base/java.util.stream.AbstractPipeline.copyIntoWithCancel(AbstractPipeline.java:588)
at java.base/java.util.stream.AbstractPipeline.copyInto(AbstractPipeline.java:574)
at java.base/java.util.stream.AbstractPipeline.wrapAndCopyInto(AbstractPipeline.java:560)
at java.base/java.util.stream.FindOps$FindOp.evaluateSequential(FindOps.java:150)
at java.base/java.util.stream.AbstractPipeline.evaluate(AbstractPipeline.java:265)
at java.base/java.util.stream.ReferencePipeline.findFirst(ReferencePipeline.java:687)
at org.openqa.selenium.remote.ProtocolHandshake.createSession(ProtocolHandshake.java:128)
at org.openqa.selenium.remote.ProtocolHandshake.createSession(ProtocolHandshake.java:74)
at org.openqa.selenium.remote.HttpCommandExecutor.execute(HttpCommandExecutor.java:136)
at org.openqa.selenium.remote.service.DriverCommandExecutor.execute(DriverCommandExecutor.java:83)
at org.openqa.selenium.remote.RemoteWebDriver.execute(RemoteWebDriver.java:552)
at org.openqa.selenium.remote.RemoteWebDriver.startSession(RemoteWebDriver.java:213)
at org.openqa.selenium.remote.RemoteWebDriver.<init>(RemoteWebDriver.java:131)
at org.openqa.selenium.chrome.ChromeDriver.<init>(ChromeDriver.java:181)
at org.openqa.selenium.chrome.ChromeDriver.<init>(ChromeDriver.java:168)
at org.openqa.selenium.chrome.ChromeDriver.<init>(ChromeDriver.java:123)
at home.Screenshot.main(Screenshot.java:18)
at java.base/jdk.internal.reflect.DirectMethodHandleAccessor.invoke(DirectMethodHandleAccessor.java:103)
at java.base/java.lang.reflect.Method.invoke(Method.java:580)
at org.testng.internal.MethodInvocationHelper.invokeMethod(MethodInvocationHelper.java:124)
at org.testng.internal.Invoker.invokeMethod(Invoker.java:580)
at org.testng.internal.Invoker.invokeTestMethod(Invoker.java:716)
at org.testng.internal.Invoker.invokeTestMethods(Invoker.java:988)
at org.testng.internal.TestMethodWorker.invokeTestMethods(TestMethodWorker.java:125)
at org.testng.internal.TestMethodWorker.run(TestMethodWorker.java:109)
at org.testng.TestRunner.privateRun(TestRunner.java:648)
at org.testng.TestRunner.run(TestRunner.java:505)
at org.testng.SuiteRunner.runTest(SuiteRunner.java:455)
at org.testng.SuiteRunner.runSequentially(SuiteRunner.java:450)
at org.testng.SuiteRunner.privateRun(SuiteRunner.java:415)
at org.testng.SuiteRunner.run(SuiteRunner.java:364)
at org.testng.SuiteRunnerWorker.runSuite(SuiteRunnerWorker.java:52)
at org.testng.SuiteRunnerWorker.run(SuiteRunnerWorker.java:84)
at org.testng.TestNG.runSuitesSequentially(TestNG.java:1208)
at org.testng.TestNG.runSuitesLocally(TestNG.java:1137)
at org.testng.TestNG.runSuites(TestNG.java:1049)
at org.testng.TestNG.run(TestNG.java:1017)
at org.testng.remote.AbstractRemoteTestNG.run(AbstractRemoteTestNG.java:115)
at org.testng.remote.RemoteTestNG.initAndRun(RemoteTestNG.java:293)
at org.testng.remote.RemoteTestNG.main(RemoteTestNG.java:91)
]]>
    </error>
  </testcase> <!-- main -->
</testsuite> <!-- home.Screenshot -->
